<!DOCTYPE html PUBLIC "-//W3C//DTD XHTML 1.1//EN" "http://www.w3.org/TR/xhtml11/DTD/xhtml11.dtd">
<html xmlns="http://www.w3.org/1999/xhtml">
<head>
<meta http-equiv="content-type" content="text/html; charset=UTF-8"/>
<title>TestNG Report</title>
<style type="text/css">table {margin-bottom:10px;border-collapse:collapse;empty-cells:show}th,td {border:1px solid #009;padding:.25em .5em}th {vertical-align:bottom}td {vertical-align:top}table a {font-weight:bold}.stripe td {background-color: #E6EBF9}.num {text-align:right}.passedodd td {background-color: #3F3}.passedeven td {background-color: #0A0}.skippedodd td {background-color: #DDD}.skippedeven td {background-color: #CCC}.failedodd td,.attn {background-color: #F33}.failedeven td,.stripe .attn {background-color: #D00}.stacktrace {white-space:pre;font-family:monospace}.totop {font-size:85%;text-align:center;border-bottom:2px solid #000}.invisible {display:none}</style>
</head>
<body>
<table>
<tr><th>Test</th><th># Passed</th><th># Skipped</th><th># Failed</th><th>Time (ms)</th><th>Included Groups</th><th>Excluded Groups</th></tr>
<tr><th colspan="7">Bank Test</th></tr>
<tr><td><a href="#t0">ManagerLogin</a></td><td class="num">0</td><td class="num">0</td><td class="num attn">1</td><td class="num">7,605</td><td></td><td></td></tr>
<tr class="stripe"><td><a href="#t1">AddCustomerTest</a></td><td class="num">3</td><td class="num attn">1</td><td class="num">0</td><td class="num">28,774</td><td></td><td></td></tr>
<tr><td><a href="#t2">OpenAccountTest</a></td><td class="num">0</td><td class="num">0</td><td class="num attn">1</td><td class="num">10,508</td><td></td><td></td></tr>
<tr><th>Total</th><th class="num">3</th><th class="num attn">1</th><th class="num attn">2</th><th class="num">46,887</th><th colspan="2"></th></tr>
</table>
<table id='summary'><thead><tr><th>Class</th><th>Method</th><th>Start</th><th>Time (ms)</th></tr></thead><tbody><tr><th colspan="4">Bank Test</th></tr></tbody><tbody id="t0"><tr><th colspan="4">ManagerLogin &#8212; failed</th></tr><tr class="failedeven"><td rowspan="1">testcases.ManagerLogin</td><td><a href="#m0">managerLogin</a></td><td rowspan="1">1728370497479</td><td rowspan="1">6713</td></tr></tbody>
<tbody id="t1"><tr><th colspan="4">AddCustomerTest &#8212; skipped</th></tr><tr class="skippedeven"><td rowspan="1">testcases.AddCustomerTest</td><td><a href="#m1">addCustomerTest</a></td><td rowspan="1">1728370533875</td><td rowspan="1">1</td></tr><tr><th colspan="4">AddCustomerTest &#8212; passed</th></tr><tr class="passedeven"><td rowspan="3">testcases.AddCustomerTest</td><td><a href="#m2">addCustomerTest</a></td><td rowspan="3">1728370505140</td><td rowspan="3">9567</td></tr><tr class="passedeven"><td><a href="#m3">addCustomerTest</a></td></tr><tr class="passedeven"><td><a href="#m4">addCustomerTest</a></td></tr></tbody>
<tbody id="t2"><tr><th colspan="4">OpenAccountTest &#8212; failed</th></tr><tr class="failedeven"><td rowspan="1">testcases.OpenAccountTest</td><td><a href="#m5">openAccountTest</a></td><td rowspan="1">1728370533926</td><td rowspan="1">10139</td></tr></tbody>
</table>
<h2>ManagerLogin</h2><h3 id="m0">testcases.ManagerLogin#managerLogin</h3><table class="result"><tr><th>Messages</th></tr><tr><td><div class="messages"><br>Verification failure :expected [abc] but found [zxy]<br><br/><a target="_blank" href=Tue_Oct_08_08_54_57_CEST_2024.jpg><img scr =Tue_Oct_08_08_54_57_CEST_2024.jpg height = 200 width= 200><img</a><br/><br><br/><br><br/>Login successfully executed<br/>Click to see  screenshot<br/><a target="_blank" href=Tue_Oct_08_08_55_04_CEST_2024.jpg> Screenshot</a><br/><br><br/><br><br/><a target="_blank" href=Tue_Oct_08_08_55_04_CEST_2024.jpg><img scr =Tue_Oct_08_08_55_04_CEST_2024.jpg height = 200 width= 200><img</a></div></td></tr><tr><th>Exception</th></tr><tr><td><div class="stacktrace">java.lang.AssertionError: Login not successful
	at testcases.ManagerLogin.managerLogin(ManagerLogin.java:27)
... Removed 30 stack frames</div></td></tr></table><p class="totop"><a href="#summary">back to summary</a></p>
<h2>AddCustomerTest</h2><h3 id="m1">testcases.AddCustomerTest#addCustomerTest</h3><table class="result"><tr class="param"><th>Parameter #1</th></tr><tr class="param stripe"><td>{alerttext=, postcode=TW14, lastname=Ovie, runmode=N, firstname=Roe}</td></tr><tr><th>Exception</th></tr><tr><td><div class="stacktrace">org.testng.SkipException: Skipping the test case as the Run mode for data set is NO
	at testcases.AddCustomerTest.addCustomerTest(AddCustomerTest.java:24)
... Removed 29 stack frames</div></td></tr></table><p class="totop"><a href="#summary">back to summary</a></p>
<h3 id="m2">testcases.AddCustomerTest#addCustomerTest</h3><table class="result"><tr class="param"><th>Parameter #1</th></tr><tr class="param stripe"><td>{alerttext=, postcode=TW11, lastname=Ovie, runmode=Y, firstname=Roy}</td></tr><tr><th>Messages</th></tr><tr><td><div class="messages">Capturing Screenshot</div></td></tr></table><p class="totop"><a href="#summary">back to summary</a></p>
<h3 id="m3">testcases.AddCustomerTest#addCustomerTest</h3><table class="result"><tr class="param"><th>Parameter #1</th></tr><tr class="param stripe"><td>{alerttext=, postcode=TW12, lastname=Ovia, runmode=Y, firstname=Roi}</td></tr><tr><th>Messages</th></tr><tr><td><div class="messages">Capturing Screenshot</div></td></tr></table><p class="totop"><a href="#summary">back to summary</a></p>
<h3 id="m4">testcases.AddCustomerTest#addCustomerTest</h3><table class="result"><tr class="param"><th>Parameter #1</th></tr><tr class="param stripe"><td>{alerttext=, postcode=TW13, lastname=Oviq, runmode=Y, firstname=Roy}</td></tr><tr><th>Messages</th></tr><tr><td><div class="messages">Capturing Screenshot</div></td></tr></table><p class="totop"><a href="#summary">back to summary</a></p>
<h2>OpenAccountTest</h2><h3 id="m5">testcases.OpenAccountTest#openAccountTest</h3><table class="result"><tr class="param"><th>Parameter #1</th></tr><tr class="param stripe"><td>{currency=Dollar, alerttext=, customer=Roy Ovie}</td></tr><tr><th>Messages</th></tr><tr><td><div class="messages">Click to see  screenshot<br/><a target="_blank" href=Tue_Oct_08_08_55_44_CEST_2024.jpg> Screenshot</a><br/><br><br/><br><br/><a target="_blank" href=Tue_Oct_08_08_55_44_CEST_2024.jpg><img scr =Tue_Oct_08_08_55_44_CEST_2024.jpg height = 200 width= 200><img</a></div></td></tr><tr><th>Exception</th></tr><tr><td><div class="stacktrace">org.openqa.selenium.NoSuchElementException: no such element: Unable to locate element: {&quot;method&quot;:&quot;xpath&quot;,&quot;selector&quot;:&quot;//*[@id=&quot;userSelect&quot;]&quot;}
  (Session info: chrome=129.0.6668.90)
For documentation on this error, please visit: https://www.selenium.dev/documentation/webdriver/troubleshooting/errors#no-such-element-exception
Build info: version: &apos;4.25.0&apos;, revision: &apos;8a8aea2337&apos;
System info: os.name: &apos;Windows 11&apos;, os.arch: &apos;amd64&apos;, os.version: &apos;10.0&apos;, java.version: &apos;11.0.18&apos;
Driver info: org.openqa.selenium.chrome.ChromeDriver
Command: [ca31e4b90e76c553478d6d6485ec3065, findElement {using=xpath, value=//*[@id=&quot;userSelect&quot;]}]
Capabilities {acceptInsecureCerts: false, browserName: chrome, browserVersion: 129.0.6668.90, chrome: {chromedriverVersion: 129.0.6668.89 (951c0b97221f..., userDataDir: C:\Users\ovbiy\AppData\Loca...}, fedcm:accounts: true, goog:chromeOptions: {debuggerAddress: localhost:61754}, networkConnectionEnabled: false, pageLoadStrategy: normal, platformName: windows, proxy: Proxy(), se:cdp: ws://localhost:61754/devtoo..., se:cdpVersion: 129.0.6668.90, setWindowRect: true, strictFileInteractability: false, timeouts: {implicit: 0, pageLoad: 300000, script: 30000}, unhandledPromptBehavior: dismiss and notify, webauthn:extension:credBlob: true, webauthn:extension:largeBlob: true, webauthn:extension:minPinLength: true, webauthn:extension:prf: true, webauthn:virtualAuthenticators: true}
Session ID: ca31e4b90e76c553478d6d6485ec3065
	at org.openqa.selenium.remote.ErrorCodec.decode(ErrorCodec.java:167)
	at org.openqa.selenium.remote.codec.w3c.W3CHttpResponseCodec.decode(W3CHttpResponseCodec.java:138)
	at org.openqa.selenium.remote.codec.w3c.W3CHttpResponseCodec.decode(W3CHttpResponseCodec.java:50)
	at org.openqa.selenium.remote.HttpCommandExecutor.execute(HttpCommandExecutor.java:190)
	at org.openqa.selenium.remote.service.DriverCommandExecutor.invokeExecute(DriverCommandExecutor.java:216)
	at org.openqa.selenium.remote.service.DriverCommandExecutor.execute(DriverCommandExecutor.java:174)
	at org.openqa.selenium.remote.RemoteWebDriver.execute(RemoteWebDriver.java:545)
	at org.openqa.selenium.remote.ElementLocation$ElementFinder$2.findElement(ElementLocation.java:165)
	at org.openqa.selenium.remote.ElementLocation.findElement(ElementLocation.java:59)
	at org.openqa.selenium.remote.RemoteWebDriver.findElement(RemoteWebDriver.java:368)
	at org.openqa.selenium.remote.RemoteWebDriver.findElement(RemoteWebDriver.java:362)
	at base.TestBase.select(TestBase.java:111)
	at testcases.OpenAccountTest.openAccountTest(OpenAccountTest.java:21)
... Removed 33 stack frames</div></td></tr></table><p class="totop"><a href="#summary">back to summary</a></p>
</body>
</html>
